{
  "RSpec": {
    "coverage": {
      "/Users/gregpenrose/RubymineProjects/gcloud/app/helpers/file_entries_helper.rb": {
        "lines": [
          1,
          1,
          null,
          1,
          6,
          null,
          null,
          null,
          null,
          null,
          null,
          null,
          6,
          null,
          null
        ]
      },
      "/Users/gregpenrose/RubymineProjects/gcloud/app/models/concerns/file_type_mappable.rb": {
        "lines": [
          1,
          1,
          null,
          1,
          55,
          null,
          null,
          53,
          9,
          null,
          2,
          null,
          2,
          null,
          2,
          null,
          38,
          null,
          null,
          null
        ]
      },
      "/Users/gregpenrose/RubymineProjects/gcloud/app/helpers/folders_helper.rb": {
        "lines": [
          1,
          1,
          4,
          null,
          3,
          3,
          6,
          6,
          null,
          3,
          null,
          null
        ]
      },
      "/Users/gregpenrose/RubymineProjects/gcloud/app/helpers/heroicon_helper.rb": {
        "lines": [
          1,
          1,
          1,
          null,
          1,
          41,
          null,
          null,
          null,
          null,
          null,
          null,
          null,
          null
        ]
      },
      "/Users/gregpenrose/RubymineProjects/gcloud/app/controllers/file_entries_controller.rb": {
        "lines": [
          1,
          1,
          1,
          1,
          null,
          1,
          null,
          null,
          1,
          4,
          null,
          4,
          3,
          null,
          1,
          null,
          null,
          null,
          1,
          6,
          3,
          null,
          3,
          null,
          null,
          null,
          1,
          null,
          1,
          13,
          null,
          null,
          1,
          18,
          null,
          null,
          1,
          4,
          null,
          null
        ]
      },
      "/Users/gregpenrose/RubymineProjects/gcloud/app/controllers/application_controller.rb": {
        "lines": [
          1,
          1,
          null
        ]
      },
      "/Users/gregpenrose/RubymineProjects/gcloud/app/controllers/folders_controller.rb": {
        "lines": [
          1,
          1,
          1,
          null,
          1,
          1,
          null,
          null,
          1,
          18,
          18,
          null,
          null,
          1,
          2,
          2,
          null,
          null,
          1,
          5,
          null,
          5,
          4,
          null,
          1,
          null,
          null,
          null,
          1,
          6,
          3,
          null,
          3,
          null,
          null,
          null,
          1,
          null,
          1,
          25,
          null,
          null,
          1,
          6,
          null,
          null,
          1,
          5,
          null,
          null
        ]
      },
      "/Users/gregpenrose/RubymineProjects/gcloud/app/controllers/home_controller.rb": {
        "lines": [
          1,
          1,
          null,
          null
        ]
      },
      "/Users/gregpenrose/RubymineProjects/gcloud/app/models/concerns/uidable.rb": {
        "lines": [
          1,
          1,
          null,
          1,
          268,
          null,
          null,
          1,
          266,
          null,
          null,
          1,
          167,
          null,
          null,
          1,
          1,
          3,
          null,
          null,
          1,
          3,
          null,
          null,
          1,
          3,
          null,
          null,
          1,
          366,
          null,
          null,
          null
        ]
      },
      "/Users/gregpenrose/RubymineProjects/gcloud/app/models/file_entry.rb": {
        "lines": [
          1,
          1,
          1,
          null,
          1,
          null,
          1,
          1,
          1,
          1,
          null,
          52,
          52,
          52,
          null,
          1,
          null,
          1,
          42,
          42,
          42,
          null,
          null,
          1,
          40,
          null,
          null,
          1,
          40,
          40,
          null,
          null
        ]
      },
      "/Users/gregpenrose/RubymineProjects/gcloud/app/models/application_record.rb": {
        "lines": [
          1,
          1,
          null,
          1,
          null
        ]
      },
      "/Users/gregpenrose/RubymineProjects/gcloud/app/models/folder.rb": {
        "lines": [
          1,
          1,
          1,
          1,
          1,
          null,
          1,
          1,
          null,
          1,
          8,
          8,
          8,
          null,
          null,
          1,
          null,
          1,
          142,
          1,
          null,
          null,
          null
        ]
      },
      "/Users/gregpenrose/RubymineProjects/gcloud/app/models/user.rb": {
        "lines": [
          1,
          1,
          null,
          null,
          1,
          1,
          null,
          1,
          null,
          1,
          82,
          null,
          null,
          1,
          null,
          1,
          98,
          null,
          null
        ]
      }
    },
    "timestamp": 1749740042
  }
}
